#
# A fatal error has been detected by the Java Runtime Environment:
#
#  EXCEPTION_ACCESS_VIOLATION (0xc0000005) at pc=0x00007ffd97aabffa, pid=18348, tid=26944
#
# JRE version: Java(TM) SE Runtime Environment (17.0.1+12) (build 17.0.1+12-LTS-39)
# Java VM: Java HotSpot(TM) 64-Bit Server VM (17.0.1+12-LTS-39, mixed mode, emulated-client, sharing, tiered, compressed oops, compressed class ptrs, g1 gc, windows-amd64)
# Problematic frame:
# V  [jvm.dll+0x73bffa]
#
# No core dump will be written. Minidumps are not enabled by default on client versions of Windows
#
# If you would like to submit a bug report, please visit:
#   https://bugreport.java.com/bugreport/crash.jsp
#

---------------  S U M M A R Y ------------

Command Line: -XX:+ShowCodeDetailsInExceptionMessages -agentlib:jdwp=transport=dt_socket,suspend=y,address=localhost:50963 -Dcom.sun.management.jmxremote -Dcom.sun.management.jmxremote.port=50962 -Dcom.sun.management.jmxremote.authenticate=false -Dcom.sun.management.jmxremote.ssl=false -Djava.rmi.server.hostname=localhost -Dspring.jmx.enabled=true -Dspring.application.admin.enabled=true -XX:TieredStopAtLevel=1 -Dspring.boot.project.name=BackendTesis -javaagent:C:\Users\jimmi\eclipse\java-2021-09\eclipse\configuration\org.eclipse.osgi\222\0\.cp\lib\javaagent-shaded.jar -Dfile.encoding=UTF-8 com.tesis.u.BackendTesisApplication

Host: Intel(R) Core(TM) i5-10300H CPU @ 2.50GHz, 8 cores, 7G,  Windows 10 , 64 bit Build 19041 (10.0.19041.1706)
Time: Fri May 27 17:44:54 2022 Hora est. Pacífico, Sudamérica elapsed time: 600.748632 seconds (0d 0h 10m 0s)

---------------  T H R E A D  ---------------

Current thread (0x0000022279ce5910):  JavaThread "JDWP Transport Listener: dt_socket" daemon [_thread_in_vm, id=26944, stack(0x000000e313100000,0x000000e313200000)]

Stack: [0x000000e313100000,0x000000e313200000],  sp=0x000000e3131ff3c0,  free space=1020k
Native frames: (J=compiled Java code, j=interpreted, Vv=VM code, C=native code)
V  [jvm.dll+0x73bffa]
V  [jvm.dll+0x50483c]
V  [jvm.dll+0x4d0154]
C  [jdwp.dll+0x22e9f]


siginfo: EXCEPTION_ACCESS_VIOLATION (0xc0000005), reading address 0x0000000000ac0085


Register to memory mapping:

RIP=0x00007ffd97aabffa jvm.dll
RAX=0x00000000000000ab is an unknown value
RBX=0x0000022279c71e19 points into unknown readable memory: 61 75 6c 74 44 69 73
RCX=0x0000000000ac0081 is an unknown value
RDX=0x000002227f0e0750 points into unknown readable memory: 0x7365742f6d6f634c | 4c 63 6f 6d 2f 74 65 73
RSP=0x000000e3131ff3c0 is pointing into the stack for thread: 0x0000022279ce5910
RBP=0x0000022279cd58b0 points into unknown readable memory: 0x0043005000000002 | 02 00 00 00 50 00 43 00
RSI=0x0 is NULL
RDI=0xffffffffffffffff is an unknown value
R8 =0x000000000000005d is an unknown value
R9 =0x0000000000000040 is an unknown value
R10=0x0000000000000040 is an unknown value
R11=0x000000e3131ff3e0 is pointing into the stack for thread: 0x0000022279ce5910
R12=0x000000e3131ff518 is pointing into the stack for thread: 0x0000022279ce5910
R13=0x0 is NULL
R14=0x0000000800e8dfd0 is a pointer to class: 
com.tesis.u.serviceImpl.RolServiceImpl {0x0000000800e8dfd8}
 - instance size:     2
 - klass size:        75
 - access:            public synchronized 
 - state:             fully_initialized
 - name:              'com/tesis/u/serviceImpl/RolServiceImpl'
 - super:             'java/lang/Object'
 - sub:               
 - arrays:            NULL
 - methods:           Array<T>(0x000002227d9c5f78)
 - method ordering:   Array<T>(0x00000222003635c0)
 - default_methods:   Array<T>(0x0000000000000000)
 - local interfaces:  Array<T>(0x000002227c8a1de0)
 - trans. interfaces: Array<T>(0x000002227c8a1de0)
 - constants:         constant pool [186] {0x0000022200365790} for 'com/tesis/u/serviceImpl/RolServiceImpl' cache=0x000002227d97bbd0
 - class loader data:  loader data: 0x000002227905dc50 for instance a 'jdk/internal/loader/ClassLoaders$AppClassLoader'{0x0000000083385600}
 - source file:       'RolServiceImpl.java'
 - source debug extension:       SMAP
RolServiceImpl.java
Java
*S jdt
*F
1 RolServiceImpl.java
2 file:/C:/PROYECTO%20DE%20GRADO%202022/BackendTesis/target/classes/
*L
*E

 - class annotations:       Array<T>(0x000002227d9bb4f8)
 - class type annotations:  Array<T>(0x0000000000000000)
 - field annotations:       Array<T>(0x000002227dab1468)
 - field type annotations:  Array<T>(0x0000000000000000)
 - generic signature: '
[error occurred during error reporting (printing register info), id 0xc0000005, EXCEPTION_ACCESS_VIOLATION (0xc0000005) at pc=0x00007ffd97aacc06]

Registers:
RAX=0x00000000000000ab, RBX=0x0000022279c71e19, RCX=0x0000000000ac0081, RDX=0x000002227f0e0750
RSP=0x000000e3131ff3c0, RBP=0x0000022279cd58b0, RSI=0x0000000000000000, RDI=0xffffffffffffffff
R8 =0x000000000000005d, R9 =0x0000000000000040, R10=0x0000000000000040, R11=0x000000e3131ff3e0
R12=0x000000e3131ff518, R13=0x0000000000000000, R14=0x0000000800e8dfd0, R15=0x000000e3131ff540
RIP=0x00007ffd97aabffa, EFLAGS=0x0000000000010206

Top of Stack: (sp=0x000000e3131ff3c0)
0x000000e3131ff3c0:   0000000000000026 0000000800e8dfd0
0x000000e3131ff3d0:   000002227afcb800 00007ffdf74d47b1
0x000000e3131ff3e0:   ffffffffffffffff 00007ffd9787483c
0x000000e3131ff3f0:   0000022279c71e19 0000022279c71df0
0x000000e3131ff400:   0000022279cd58b0 0000000000000000
0x000000e3131ff410:   0000022279c71db0 00000000000003d8
0x000000e3131ff420:   0000022279c71dc0 0000022279c72198
0x000000e3131ff430:   0000000000013e01 000000e3131ff518
0x000000e3131ff440:   0000000000000007 0000022279ce5bb8
0x000000e3131ff450:   00000000837d16a8 00007ffd97840154
0x000000e3131ff460:   0000022279ce5910 000000e3131ff540
0x000000e3131ff470:   000002226517edd0 000000e3131ff540
0x000000e3131ff480:   0000022279ce5910 0000000000000000
0x000000e3131ff490:   0000000000000000 0000000000000000
0x000000e3131ff4a0:   000002227f2b86d8 00007ffdddb92e9f
0x000000e3131ff4b0:   000000e3131ff538 00007ffdddba1830 

Instructions: (pc=0x00007ffd97aabffa)
0x00007ffd97aabefa:   48 83 c4 20 5f e9 cc 86 96 ff cc cc cc cc cc cc
0x00007ffd97aabf0a:   cc cc cc cc cc cc 48 89 5c 24 08 57 48 83 ec 20
0x00007ffd97aabf1a:   83 fa 02 8d 42 06 b9 08 00 00 00 49 8b d8 0f 4e
0x00007ffd97aabf2a:   c1 48 63 c8 48 83 c1 07 83 e1 f8 48 63 f9 49 8b
0x00007ffd97aabf3a:   48 18 48 8b c7 48 f7 d0 48 3b c1 73 16 4c 8d 05
0x00007ffd97aabf4a:   7a 47 17 00 48 8b d7 48 8b cb e8 d7 e9 96 ff 48
0x00007ffd97aabf5a:   8b 4b 18 48 8d 04 39 48 3b 43 20 76 18 45 33 c0
0x00007ffd97aabf6a:   48 8b d7 48 8b cb 48 8b 5c 24 30 48 83 c4 20 5f
0x00007ffd97aabf7a:   e9 31 e6 96 ff 48 89 43 18 48 8b c1 48 8b 5c 24
0x00007ffd97aabf8a:   30 48 83 c4 20 5f c3 cc cc cc cc cc cc cc cc cc
0x00007ffd97aabf9a:   cc cc cc cc cc cc 4c 8b d2 4c 8b d9 45 85 c0 7e
0x00007ffd97aabfaa:   3c 44 0f b7 49 04 41 8d 40 ff 41 3b c1 44 0f 4c
0x00007ffd97aabfba:   c8 4d 63 c1 45 85 c9 7e 1f 48 8b c2 4c 2b da 49
0x00007ffd97aabfca:   8b d0 0f 1f 40 00 41 0f b6 4c 03 06 88 08 48 8d
0x00007ffd97aabfda:   40 01 48 83 ea 01 75 ee 43 c6 04 10 00 49 8b c2
0x00007ffd97aabfea:   c3 cc cc cc cc cc 48 89 5c 24 08 57 48 83 ec 20
0x00007ffd97aabffa:   0f b7 59 04 48 8b f9 33 d2 48 8d 4b 01 e8 14 9b
0x00007ffd97aac00a:   f8 ff 0f b7 57 04 4c 8b c0 3b da 0f 42 d3 44 8b
0x00007ffd97aac01a:   ca 85 d2 74 39 48 2b f8 0f 1f 40 00 66 66 0f 1f
0x00007ffd97aac02a:   84 00 00 00 00 00 0f b6 4c 07 06 88 08 48 ff c0
0x00007ffd97aac03a:   48 8b c8 49 2b c8 49 3b c9 7c eb 42 c6 04 02 00
0x00007ffd97aac04a:   49 8b c0 48 8b 5c 24 30 48 83 c4 20 5f c3 48 8b
0x00007ffd97aac05a:   5c 24 30 c6 04 02 00 48 83 c4 20 5f c3 cc cc cc
0x00007ffd97aac06a:   cc cc cc cc cc cc 4c 8b d1 45 85 c0 7e 6c 44 0f
0x00007ffd97aac07a:   b7 49 04 41 8d 40 ff 41 3b c1 44 0f 4c c8 4d 63
0x00007ffd97aac08a:   d9 45 85 c9 7e 22 48 8b ca 4c 2b d2 4d 8b c3 0f
0x00007ffd97aac09a:   1f 80 00 00 00 00 41 0f b6 44 0a 06 88 01 48 8d
0x00007ffd97aac0aa:   49 01 49 83 e8 01 75 ee 41 c6 04 13 00 48 c7 c0
0x00007ffd97aac0ba:   ff ff ff ff 66 90 48 ff c0 80 3c 02 00 75 f7 48
0x00007ffd97aac0ca:   63 c8 85 c0 48 8b c2 7e 14 80 38 2f 75 03 c6 00
0x00007ffd97aac0da:   2e 48 ff c0 48 83 e9 01 75 ef 48 8b c2 c3 cc cc
0x00007ffd97aac0ea:   cc cc cc cc cc cc 48 83 ec 28 e8 f7 fe ff ff 4c 


Stack slot to memory mapping:
stack at sp + 0 slots: 0x0000000000000026 is an unknown value
stack at sp + 1 slots: 0x0000000800e8dfd0 is a pointer to class: 
com.tesis.u.serviceImpl.RolServiceImpl {0x0000000800e8dfd8}
 - instance size:     2
 - klass size:        75
 - access:            public synchronized 
 - state:             fully_initialized
 - name:              'com/tesis/u/serviceImpl/RolServiceImpl'
 - super:             'java/lang/Object'
 - sub:               
 - arrays:            NULL
 - methods:           Array<T>(0x000002227d9c5f78)
 - method ordering:   Array<T>(0x00000222003635c0)
 - default_methods:   Array<T>(0x0000000000000000)
 - local interfaces:  Array<T>(0x000002227c8a1de0)
 - trans. interfaces: Array<T>(0x000002227c8a1de0)
 - constants:         constant pool [186] {0x0000022200365790} for 'com/tesis/u/serviceImpl/RolServiceImpl' cache=0x000002227d97bbd0
 - class loader data:  loader data: 0x000002227905dc50 for instance a 'jdk/internal/loader/ClassLoaders$AppClassLoader'{0x0000000083385600}
 - source file:       'RolServiceImpl.java'
 - source debug extension:       SMAP
RolServiceImpl.java
Java
*S jdt
*F
1 RolServiceImpl.java
2 file:/C:/PROYECTO%20DE%20GRADO%202022/BackendTesis/target/classes/
*L
*E

 - class annotations:       Array<T>(0x000002227d9bb4f8)
 - class type annotations:  Array<T>(0x0000000000000000)
 - field annotations:       Array<T>(0x000002227dab1468)
 - field type annotations:  Array<T>(0x0000000000000000)
 - generic signature: '
[error occurred during error reporting (inspecting top of stack), id 0xc0000005, EXCEPTION_ACCESS_VIOLATION (0xc0000005) at pc=0x00007ffd97aacc06]


---------------  P R O C E S S  ---------------

Threads class SMR info:
_java_thread_list=0x000002227f11b9f0, length=51, elements={
0x0000022278fd61b0, 0x0000022278fd7070, 0x0000022278febe90, 0x0000022278fec850,
0x0000022278ff0750, 0x0000022278ff9020, 0x0000022278ffd6b0, 0x0000022278fffbd0,
0x0000022278fc5cf0, 0x0000022279ce5910, 0x0000022279ce77c0, 0x0000022279ce7ea0,
0x000002227a6789b0, 0x000002227a7544e0, 0x000002227a761660, 0x000002227a74c820,
0x000002227acec640, 0x000002227acedbe0, 0x000002227ae28ef0, 0x000002227ae29890,
0x000002227ae28080, 0x000002227ae28550, 0x000002227ba9f230, 0x000002227ba9def0,
0x000002227baa13e0, 0x000002227ba9e3c0, 0x000002227ba9b3a0, 0x000002227ba9a530,
0x000002227baa00a0, 0x000002227ba9aa00, 0x000002227ba9b870, 0x000002227ba9fbd0,
0x000002227ba9aed0, 0x000002227ba9e890, 0x000002227ba9d080, 0x000002227ba9da20,
0x000002227ba9ed60, 0x000002227baa0570, 0x000002227ba9a060, 0x000002227baa0f10,
0x000002227baa18b0, 0x000002227bbfa6f0, 0x000002227bbfe580, 0x000002227bbfdbe0,
0x000002227bbfc8a0, 0x000002227bbfcd70, 0x000002227bbfea50, 0x000002227bbf9880,
0x000002227bbfabc0, 0x000002227bbf9d50, 0x000002227bbfef20
}

Java Threads: ( => current thread )
  0x0000022278fd61b0 JavaThread "Reference Handler" daemon [_thread_blocked, id=4752, stack(0x000000e312600000,0x000000e312700000)]
  0x0000022278fd7070 JavaThread "Finalizer" daemon [_thread_blocked, id=9612, stack(0x000000e312700000,0x000000e312800000)]
  0x0000022278febe90 JavaThread "Signal Dispatcher" daemon [_thread_blocked, id=21568, stack(0x000000e312800000,0x000000e312900000)]
  0x0000022278fec850 JavaThread "Attach Listener" daemon [_thread_blocked, id=27720, stack(0x000000e312900000,0x000000e312a00000)]
  0x0000022278ff0750 JavaThread "Service Thread" daemon [_thread_blocked, id=1144, stack(0x000000e312a00000,0x000000e312b00000)]
  0x0000022278ff9020 JavaThread "Monitor Deflation Thread" daemon [_thread_blocked, id=3560, stack(0x000000e312b00000,0x000000e312c00000)]
  0x0000022278ffd6b0 JavaThread "C1 CompilerThread0" daemon [_thread_blocked, id=17024, stack(0x000000e312c00000,0x000000e312d00000)]
  0x0000022278fffbd0 JavaThread "Sweeper thread" daemon [_thread_blocked, id=18528, stack(0x000000e312d00000,0x000000e312e00000)]
  0x0000022278fc5cf0 JavaThread "Common-Cleaner" daemon [_thread_blocked, id=2608, stack(0x000000e312e00000,0x000000e312f00000)]
=>0x0000022279ce5910 JavaThread "JDWP Transport Listener: dt_socket" daemon [_thread_in_vm, id=26944, stack(0x000000e313100000,0x000000e313200000)]
  0x0000022279ce77c0 JavaThread "JDWP Event Helper Thread" daemon [_thread_blocked, id=13040, stack(0x000000e313200000,0x000000e313300000)]
  0x0000022279ce7ea0 JavaThread "JDWP Command Reader" daemon [_thread_in_native, id=2160, stack(0x000000e313300000,0x000000e313400000)]
  0x000002227a6789b0 JavaThread "Notification Thread" daemon [_thread_blocked, id=14076, stack(0x000000e313400000,0x000000e313500000)]
  0x000002227a7544e0 JavaThread "RMI TCP Accept-0" daemon [_thread_in_native, id=9528, stack(0x000000e313500000,0x000000e313600000)]
  0x000002227a761660 JavaThread "RMI TCP Accept-50962" daemon [_thread_in_native, id=24116, stack(0x000000e313600000,0x000000e313700000)]
  0x000002227a74c820 JavaThread "RMI TCP Accept-0" daemon [_thread_in_native, id=17924, stack(0x000000e313700000,0x000000e313800000)]
  0x000002227acec640 JavaThread "RMI Scheduler(0)" daemon [_thread_blocked, id=2688, stack(0x000000e314300000,0x000000e314400000)]
  0x000002227acedbe0 JavaThread "JMX server connection timeout 25" daemon [_thread_blocked, id=21008, stack(0x000000e314500000,0x000000e314600000)]
  0x000002227ae28ef0 JavaThread "Catalina-utility-1" [_thread_blocked, id=3724, stack(0x000000e314700000,0x000000e314800000)]
  0x000002227ae29890 JavaThread "Catalina-utility-2" [_thread_blocked, id=7600, stack(0x000000e314800000,0x000000e314900000)]
  0x000002227ae28080 JavaThread "container-0" [_thread_blocked, id=22060, stack(0x000000e314900000,0x000000e314a00000)]
  0x000002227ae28550 JavaThread "http-nio-8080-exec-1" daemon [_thread_blocked, id=8136, stack(0x000000e314a00000,0x000000e314b00000)]
  0x000002227ba9f230 JavaThread "http-nio-8080-exec-2" daemon [_thread_blocked, id=19828, stack(0x000000e314b00000,0x000000e314c00000)]
  0x000002227ba9def0 JavaThread "http-nio-8080-exec-3" daemon [_thread_blocked, id=1084, stack(0x000000e314c00000,0x000000e314d00000)]
  0x000002227baa13e0 JavaThread "http-nio-8080-exec-4" daemon [_thread_blocked, id=11948, stack(0x000000e314d00000,0x000000e314e00000)]
  0x000002227ba9e3c0 JavaThread "http-nio-8080-exec-5" daemon [_thread_blocked, id=27296, stack(0x000000e314e00000,0x000000e314f00000)]
  0x000002227ba9b3a0 JavaThread "http-nio-8080-exec-6" daemon [_thread_blocked, id=5628, stack(0x000000e314f00000,0x000000e315000000)]
  0x000002227ba9a530 JavaThread "http-nio-8080-exec-7" daemon [_thread_blocked, id=13900, stack(0x000000e315000000,0x000000e315100000)]
  0x000002227baa00a0 JavaThread "http-nio-8080-exec-8" daemon [_thread_blocked, id=10360, stack(0x000000e315100000,0x000000e315200000)]
  0x000002227ba9aa00 JavaThread "http-nio-8080-exec-9" daemon [_thread_blocked, id=28420, stack(0x000000e315200000,0x000000e315300000)]
  0x000002227ba9b870 JavaThread "http-nio-8080-exec-10" daemon [_thread_blocked, id=26140, stack(0x000000e315300000,0x000000e315400000)]
  0x000002227ba9fbd0 JavaThread "http-nio-8080-Poller" daemon [_thread_in_native, id=3268, stack(0x000000e315400000,0x000000e315500000)]
  0x000002227ba9aed0 JavaThread "http-nio-8080-Acceptor" daemon [_thread_in_native, id=6640, stack(0x000000e315500000,0x000000e315600000)]
  0x000002227ba9e890 JavaThread "DestroyJavaVM" [_thread_blocked, id=14168, stack(0x000000e311f00000,0x000000e312000000)]
  0x000002227ba9d080 JavaThread "RMI TCP Connection(18)-127.0.0.1" daemon [_thread_in_native, id=2808, stack(0x000000e315d00000,0x000000e315e00000)]
  0x000002227ba9da20 JavaThread "Gax-1" daemon [_thread_blocked, id=2068, stack(0x000000e312f00000,0x000000e313000000)]
  0x000002227ba9ed60 JavaThread "grpc-nio-worker-ELG-1-1" daemon [_thread_in_native, id=24888, stack(0x000000e315600000,0x000000e315700000)]
  0x000002227baa0570 JavaThread "Thread-2" daemon [_thread_in_native, id=12568, stack(0x000000e315c00000,0x000000e315d00000)]
  0x000002227ba9a060 JavaThread "grpc-nio-worker-ELG-1-2" daemon [_thread_in_native, id=22248, stack(0x000000e315f00000,0x000000e316000000)]
  0x000002227baa0f10 JavaThread "Gax-2" daemon [_thread_blocked, id=22032, stack(0x000000e316000000,0x000000e316100000)]
  0x000002227baa18b0 JavaThread "grpc-nio-worker-ELG-1-3" daemon [_thread_in_native, id=18144, stack(0x000000e316100000,0x000000e316200000)]
  0x000002227bbfa6f0 JavaThread "Gax-3" daemon [_thread_blocked, id=1536, stack(0x000000e316200000,0x000000e316300000)]
  0x000002227bbfe580 JavaThread "grpc-nio-worker-ELG-1-4" daemon [_thread_in_native, id=24504, stack(0x000000e316300000,0x000000e316400000)]
  0x000002227bbfdbe0 JavaThread "Gax-4" daemon [_thread_blocked, id=14584, stack(0x000000e316800000,0x000000e316900000)]
  0x000002227bbfc8a0 JavaThread "Gax-5" daemon [_thread_blocked, id=22292, stack(0x000000e316900000,0x000000e316a00000)]
  0x000002227bbfcd70 JavaThread "Gax-6" daemon [_thread_blocked, id=24704, stack(0x000000e316b00000,0x000000e316c00000)]
  0x000002227bbfea50 JavaThread "Gax-7" daemon [_thread_blocked, id=27736, stack(0x000000e316c00000,0x000000e316d00000)]
  0x000002227bbf9880 JavaThread "Gax-8" daemon [_thread_blocked, id=29028, stack(0x000000e316700000,0x000000e316800000)]
  0x000002227bbfabc0 JavaThread "grpc-nio-worker-ELG-1-5" daemon [_thread_in_native, id=22452, stack(0x000000e311c00000,0x000000e311d00000)]
  0x000002227bbf9d50 JavaThread "grpc-nio-worker-ELG-1-6" daemon [_thread_in_native, id=18268, stack(0x000000e313000000,0x000000e313100000)]
  0x000002227bbfef20 JavaThread "grpc-nio-worker-ELG-1-7" daemon [_thread_in_native, id=28116, stack(0x000000e311d00000,0x000000e311e00000)]

Other Threads:
  0x0000022278fd2dd0 VMThread "VM Thread" [stack: 0x000000e312500000,0x000000e312600000] [id=29680]
  0x0000022267292ed0 WatcherThread [stack: 0x000000e313800000,0x000000e313900000] [id=28704]
  0x00000222672d1350 GCTaskThread "GC Thread#0" [stack: 0x000000e312000000,0x000000e312100000] [id=11512]
  0x000002227a946640 GCTaskThread "GC Thread#1" [stack: 0x000000e313900000,0x000000e313a00000] [id=28040]
  0x000002227a7b8440 GCTaskThread "GC Thread#2" [stack: 0x000000e313a00000,0x000000e313b00000] [id=7880]
  0x000002227a998380 GCTaskThread "GC Thread#3" [stack: 0x000000e313b00000,0x000000e313c00000] [id=10840]
  0x000002227a998630 GCTaskThread "GC Thread#4" [stack: 0x000000e313c00000,0x000000e313d00000] [id=13148]
  0x000002227a9988e0 GCTaskThread "GC Thread#5" [stack: 0x000000e313d00000,0x000000e313e00000] [id=10924]
  0x000002227a99aba0 GCTaskThread "GC Thread#6" [stack: 0x000000e313e00000,0x000000e313f00000] [id=20596]
  0x000002227a99ae50 GCTaskThread "GC Thread#7" [stack: 0x000000e313f00000,0x000000e314000000] [id=16680]
  0x00000222672e3350 ConcurrentGCThread "G1 Main Marker" [stack: 0x000000e312100000,0x000000e312200000] [id=14004]
  0x00000222672e3c70 ConcurrentGCThread "G1 Conc#0" [stack: 0x000000e312200000,0x000000e312300000] [id=23624]
  0x000002227b488f30 ConcurrentGCThread "G1 Conc#1" [stack: 0x000000e314600000,0x000000e314700000] [id=25680]
  0x000002226735e530 ConcurrentGCThread "G1 Refine#0" [stack: 0x000000e312300000,0x000000e312400000] [id=25340]
  0x000002227a98b7a0 ConcurrentGCThread "G1 Refine#1" [stack: 0x000000e314000000,0x000000e314100000] [id=12476]
  0x0000022278e90090 ConcurrentGCThread "G1 Service" [stack: 0x000000e312400000,0x000000e312500000] [id=28768]

Threads with active compile tasks:

VM state: not at safepoint (normal execution)

VM Mutex/Monitor currently owned by a thread: None

Heap address: 0x0000000083000000, size: 2000 MB, Compressed Oops mode: 32-bit

CDS archive(s) mapped at: [0x0000000800000000-0x0000000800bc0000-0x0000000800bc0000), size 12320768, SharedBaseAddress: 0x0000000800000000, ArchiveRelocationMode: 0.
Compressed class space mapped at: 0x0000000800c00000-0x0000000840c00000, reserved size: 1073741824
Narrow klass base: 0x0000000800000000, Narrow klass shift: 0, Narrow klass range: 0x100000000

GC Precious Log:
 CPUs: 8 total, 8 available
 Memory: 7993M
 Large Page Support: Disabled
 NUMA Support: Disabled
 Compressed Oops: Enabled (32-bit)
 Heap Region Size: 1M
 Heap Min Capacity: 8M
 Heap Initial Capacity: 126M
 Heap Max Capacity: 2000M
 Pre-touch: Disabled
 Parallel Workers: 8
 Concurrent Workers: 2
 Concurrent Refinement Workers: 8
 Periodic GC: Disabled

Heap:
 garbage-first heap   total 62464K, used 31336K [0x0000000083000000, 0x0000000100000000)
  region size 1024K, 13 young (13312K), 3 survivors (3072K)
 Metaspace       used 50465K, committed 50880K, reserved 1097728K
  class space    used 6499K, committed 6720K, reserved 1048576K

Heap Regions: E=young(eden), S=young(survivor), O=old, HS=humongous(starts), HC=humongous(continues), CS=collection set, F=free, OA=open archive, CA=closed archive, TAMS=top-at-mark-start (previous, next)
|   0|0x0000000083000000, 0x0000000083100000, 0x0000000083100000|100%| O|  |TAMS 0x0000000083100000, 0x0000000083000000| Untracked 
|   1|0x0000000083100000, 0x0000000083200000, 0x0000000083200000|100%| O|  |TAMS 0x0000000083200000, 0x0000000083100000| Untracked 
|   2|0x0000000083200000, 0x0000000083300000, 0x0000000083300000|100%| O|  |TAMS 0x0000000083300000, 0x0000000083200000| Untracked 
|   3|0x0000000083300000, 0x0000000083400000, 0x0000000083400000|100%| O|  |TAMS 0x0000000083400000, 0x0000000083300000| Untracked 
|   4|0x0000000083400000, 0x0000000083500000, 0x0000000083500000|100%| O|  |TAMS 0x0000000083500000, 0x0000000083400000| Untracked 
|   5|0x0000000083500000, 0x0000000083600000, 0x0000000083600000|100%| O|  |TAMS 0x0000000083600000, 0x0000000083500000| Untracked 
|   6|0x0000000083600000, 0x00000000836ab600, 0x0000000083700000| 66%| O|  |TAMS 0x00000000836ab600, 0x0000000083600000| Untracked 
|   7|0x0000000083700000, 0x0000000083800000, 0x0000000083800000|100%| O|  |TAMS 0x0000000083800000, 0x0000000083700000| Untracked 
|   8|0x0000000083800000, 0x0000000083900000, 0x0000000083900000|100%| O|  |TAMS 0x0000000083900000, 0x0000000083800000| Untracked 
|   9|0x0000000083900000, 0x0000000083a00000, 0x0000000083a00000|100%| O|  |TAMS 0x0000000083a00000, 0x0000000083900000| Untracked 
|  10|0x0000000083a00000, 0x0000000083b00000, 0x0000000083b00000|100%| O|  |TAMS 0x0000000083b00000, 0x0000000083a00000| Untracked 
|  11|0x0000000083b00000, 0x0000000083c00000, 0x0000000083c00000|100%| O|  |TAMS 0x0000000083c00000, 0x0000000083b00000| Untracked 
|  12|0x0000000083c00000, 0x0000000083d00000, 0x0000000083d00000|100%| O|  |TAMS 0x0000000083d00000, 0x0000000083c00000| Untracked 
|  13|0x0000000083d00000, 0x0000000083e00000, 0x0000000083e00000|100%| O|  |TAMS 0x0000000083dc1000, 0x0000000083d00000| Untracked 
|  14|0x0000000083e00000, 0x0000000083f00000, 0x0000000083f00000|100%| O|  |TAMS 0x0000000083e00000, 0x0000000083e00000| Untracked 
|  15|0x0000000083f00000, 0x0000000084000000, 0x0000000084000000|100%| O|  |TAMS 0x0000000083f00000, 0x0000000083f00000| Untracked 
|  16|0x0000000084000000, 0x0000000084100000, 0x0000000084100000|100%| O|  |TAMS 0x0000000084100000, 0x0000000084000000| Untracked 
|  17|0x0000000084100000, 0x0000000084200000, 0x0000000084200000|100%| O|  |TAMS 0x0000000084200000, 0x0000000084100000| Untracked 
|  18|0x0000000084200000, 0x0000000084300000, 0x0000000084300000|100%| O|  |TAMS 0x0000000084200000, 0x0000000084200000| Untracked 
|  19|0x0000000084300000, 0x000000008433b400, 0x0000000084400000| 23%| O|  |TAMS 0x0000000084300000, 0x0000000084300000| Untracked 
|  20|0x0000000084400000, 0x0000000084400000, 0x0000000084500000|  0%| F|  |TAMS 0x0000000084400000, 0x0000000084400000| Untracked 
|  21|0x0000000084500000, 0x0000000084500000, 0x0000000084600000|  0%| F|  |TAMS 0x0000000084500000, 0x0000000084500000| Untracked 
|  22|0x0000000084600000, 0x0000000084600000, 0x0000000084700000|  0%| F|  |TAMS 0x0000000084600000, 0x0000000084600000| Untracked 
|  23|0x0000000084700000, 0x0000000084700000, 0x0000000084800000|  0%| F|  |TAMS 0x0000000084700000, 0x0000000084700000| Untracked 
|  24|0x0000000084800000, 0x0000000084800000, 0x0000000084900000|  0%| F|  |TAMS 0x0000000084800000, 0x0000000084800000| Untracked 
|  25|0x0000000084900000, 0x0000000084900000, 0x0000000084a00000|  0%| F|  |TAMS 0x0000000084900000, 0x0000000084900000| Untracked 
|  26|0x0000000084a00000, 0x0000000084a00000, 0x0000000084b00000|  0%| F|  |TAMS 0x0000000084a00000, 0x0000000084a00000| Untracked 
|  27|0x0000000084b00000, 0x0000000084b00000, 0x0000000084c00000|  0%| F|  |TAMS 0x0000000084b00000, 0x0000000084b00000| Untracked 
|  28|0x0000000084c00000, 0x0000000084c00000, 0x0000000084d00000|  0%| F|  |TAMS 0x0000000084c00000, 0x0000000084c00000| Untracked 
|  29|0x0000000084d00000, 0x0000000084d00000, 0x0000000084e00000|  0%| F|  |TAMS 0x0000000084d00000, 0x0000000084d00000| Untracked 
|  30|0x0000000084e00000, 0x0000000084eb39c8, 0x0000000084f00000| 70%| S|CS|TAMS 0x0000000084e00000, 0x0000000084e00000| Complete 
|  31|0x0000000084f00000, 0x0000000085000000, 0x0000000085000000|100%| S|CS|TAMS 0x0000000084f00000, 0x0000000084f00000| Complete 
|  32|0x0000000085000000, 0x0000000085100000, 0x0000000085100000|100%| S|CS|TAMS 0x0000000085000000, 0x0000000085000000| Complete 
|  33|0x0000000085100000, 0x0000000085100000, 0x0000000085200000|  0%| F|  |TAMS 0x0000000085100000, 0x0000000085100000| Untracked 
|  34|0x0000000085200000, 0x0000000085200000, 0x0000000085300000|  0%| F|  |TAMS 0x0000000085200000, 0x0000000085200000| Untracked 
|  35|0x0000000085300000, 0x0000000085300000, 0x0000000085400000|  0%| F|  |TAMS 0x0000000085300000, 0x0000000085300000| Untracked 
|  36|0x0000000085400000, 0x0000000085400000, 0x0000000085500000|  0%| F|  |TAMS 0x0000000085400000, 0x0000000085400000| Untracked 
|  37|0x0000000085500000, 0x0000000085500000, 0x0000000085600000|  0%| F|  |TAMS 0x0000000085500000, 0x0000000085500000| Untracked 
|  38|0x0000000085600000, 0x0000000085600000, 0x0000000085700000|  0%| F|  |TAMS 0x0000000085600000, 0x0000000085600000| Untracked 
|  39|0x0000000085700000, 0x0000000085700000, 0x0000000085800000|  0%| F|  |TAMS 0x0000000085700000, 0x0000000085700000| Untracked 
|  40|0x0000000085800000, 0x0000000085800000, 0x0000000085900000|  0%| F|  |TAMS 0x0000000085800000, 0x0000000085800000| Untracked 
|  41|0x0000000085900000, 0x0000000085900000, 0x0000000085a00000|  0%| F|  |TAMS 0x0000000085900000, 0x0000000085900000| Untracked 
|  42|0x0000000085a00000, 0x0000000085a00000, 0x0000000085b00000|  0%| F|  |TAMS 0x0000000085a00000, 0x0000000085a00000| Untracked 
|  43|0x0000000085b00000, 0x0000000085b00000, 0x0000000085c00000|  0%| F|  |TAMS 0x0000000085b00000, 0x0000000085b00000| Untracked 
|  44|0x0000000085c00000, 0x0000000085c00000, 0x0000000085d00000|  0%| F|  |TAMS 0x0000000085c00000, 0x0000000085c00000| Untracked 
|  45|0x0000000085d00000, 0x0000000085d00000, 0x0000000085e00000|  0%| F|  |TAMS 0x0000000085d00000, 0x0000000085d00000| Untracked 
|  46|0x0000000085e00000, 0x0000000085e00000, 0x0000000085f00000|  0%| F|  |TAMS 0x0000000085e00000, 0x0000000085e00000| Untracked 
|  47|0x0000000085f00000, 0x0000000085f00000, 0x0000000086000000|  0%| F|  |TAMS 0x0000000085f00000, 0x0000000085f00000| Untracked 
|  48|0x0000000086000000, 0x0000000086000000, 0x0000000086100000|  0%| F|  |TAMS 0x0000000086000000, 0x0000000086000000| Untracked 
|  49|0x0000000086100000, 0x0000000086100000, 0x0000000086200000|  0%| F|  |TAMS 0x0000000086100000, 0x0000000086100000| Untracked 
|  50|0x0000000086200000, 0x0000000086200000, 0x0000000086300000|  0%| F|  |TAMS 0x0000000086200000, 0x0000000086200000| Untracked 
|  51|0x0000000086300000, 0x0000000086311618, 0x0000000086400000|  6%| E|  |TAMS 0x0000000086300000, 0x0000000086300000| Complete 
|  52|0x0000000086400000, 0x0000000086500000, 0x0000000086500000|100%| E|CS|TAMS 0x0000000086400000, 0x0000000086400000| Complete 
|  53|0x0000000086500000, 0x0000000086600000, 0x0000000086600000|100%| E|CS|TAMS 0x0000000086500000, 0x0000000086500000| Complete 
|  54|0x0000000086600000, 0x0000000086700000, 0x0000000086700000|100%| E|CS|TAMS 0x0000000086600000, 0x0000000086600000| Complete 
|  55|0x0000000086700000, 0x0000000086800000, 0x0000000086800000|100%| E|CS|TAMS 0x0000000086700000, 0x0000000086700000| Complete 
|  56|0x0000000086800000, 0x0000000086900000, 0x0000000086900000|100%| E|CS|TAMS 0x0000000086800000, 0x0000000086800000| Complete 
|  57|0x0000000086900000, 0x0000000086a00000, 0x0000000086a00000|100%| E|CS|TAMS 0x0000000086900000, 0x0000000086900000| Complete 
|  58|0x0000000086a00000, 0x0000000086b00000, 0x0000000086b00000|100%| E|CS|TAMS 0x0000000086a00000, 0x0000000086a00000| Complete 
|  59|0x0000000086b00000, 0x0000000086c00000, 0x0000000086c00000|100%| E|CS|TAMS 0x0000000086b00000, 0x0000000086b00000| Complete 
| 125|0x000000008ad00000, 0x000000008ae00000, 0x000000008ae00000|100%| E|CS|TAMS 0x000000008ad00000, 0x000000008ad00000| Complete 

Card table byte_map: [0x0000022271f90000,0x0000022272380000] _byte_map_base: 0x0000022271b78000

Marking Bits (Prev, Next): (CMBitMap*) 0x00000222672d1870, (CMBitMap*) 0x00000222672d18b0
 Prev Bits: [0x0000022272770000, 0x00000222746b0000)
 Next Bits: [0x00000222746b0000, 0x00000222765f0000)

Polling page: 0x00000222651e0000

Metaspace:

Usage:
  Non-class:     42.94 MB used.
      Class:      6.35 MB used.
       Both:     49.28 MB used.

Virtual space:
  Non-class space:       48.00 MB reserved,      43.12 MB ( 90%) committed,  6 nodes.
      Class space:        1.00 GB reserved,       6.56 MB ( <1%) committed,  1 nodes.
             Both:        1.05 GB reserved,      49.69 MB (  5%) committed. 

Chunk freelists:
   Non-Class:  605.00 KB
       Class:  1.33 MB
        Both:  1.92 MB

MaxMetaspaceSize: unlimited
CompressedClassSpaceSize: 1.00 GB
Initial GC threshold: 21.00 MB
Current GC threshold: 58.69 MB
CDS: on
MetaspaceReclaimPolicy: balanced
 - commit_granule_bytes: 65536.
 - commit_granule_words: 8192.
 - virtual_space_node_default_size: 1048576.
 - enlarge_chunks_in_place: 1.
 - new_chunks_are_fully_committed: 0.
 - uncommit_free_chunks: 1.
 - use_allocation_guard: 0.
 - handle_deallocations: 1.


Internal statistics:

num_allocs_failed_limit: 6.
num_arena_births: 478.
num_arena_deaths: 0.
num_vsnodes_births: 7.
num_vsnodes_deaths: 0.
num_space_committed: 795.
num_space_uncommitted: 0.
num_chunks_returned_to_freelist: 6.
num_chunks_taken_from_freelist: 2032.
num_chunk_merges: 3.
num_chunk_splits: 1488.
num_chunks_enlarged: 1190.
num_purges: 0.
num_inconsistent_stats: 0.

CodeCache: size=49152Kb used=9097Kb max_used=10493Kb free=40054Kb
 bounds [0x000002226ea90000, 0x000002226f4d0000, 0x0000022271a90000]
 total_blobs=5216 nmethods=4572 adapters=571
 compilation: enabled
              stopped_count=0, restarted_count=0
 full_count=0

Compilation events (20 events):
Event: 534.056 Thread 0x0000022278ffd6b0 4563       1       org.springframework.util.ConcurrentReferenceHashMap$Segment::restructureIfNecessary (56 bytes)
Event: 534.056 Thread 0x0000022278ffd6b0 nmethod 4563 0x000002226f416310 code [0x000002226f4164e0, 0x000002226f416838]
Event: 534.057 Thread 0x0000022278ffd6b0 4564       1       org.springframework.util.MimeType::getSubtype (5 bytes)
Event: 534.057 Thread 0x0000022278ffd6b0 nmethod 4564 0x000002226f416010 code [0x000002226f4161a0, 0x000002226f416278]
Event: 534.057 Thread 0x0000022278ffd6b0 4565       1       org.apache.tomcat.util.buf.AbstractChunk::getLength (10 bytes)
Event: 534.057 Thread 0x0000022278ffd6b0 nmethod 4565 0x000002226f415d10 code [0x000002226f415ea0, 0x000002226f415f78]
Event: 534.057 Thread 0x0000022278ffd6b0 4566       1       java.nio.StringCharBuffer::get (19 bytes)
Event: 534.057 Thread 0x0000022278ffd6b0 nmethod 4566 0x000002226f415890 code [0x000002226f415a40, 0x000002226f415c18]
Event: 534.057 Thread 0x0000022278ffd6b0 4567   !   1       jdk.internal.misc.ScopedMemoryAccess::copyMemory (31 bytes)
Event: 534.058 Thread 0x0000022278ffd6b0 nmethod 4567 0x000002226f415210 code [0x000002226f4153e0, 0x000002226f415698]
Event: 534.058 Thread 0x0000022278ffd6b0 4568   !   1       jdk.internal.misc.ScopedMemoryAccess::copyMemoryInternal (60 bytes)
Event: 534.059 Thread 0x0000022278ffd6b0 nmethod 4568 0x000002226f414010 code [0x000002226f414260, 0x000002226f414ad8]
Event: 534.059 Thread 0x0000022278ffd6b0 4569       1       org.apache.tomcat.util.buf.AbstractChunk::recycle (21 bytes)
Event: 534.059 Thread 0x0000022278ffd6b0 nmethod 4569 0x000002226f413d10 code [0x000002226f413ea0, 0x000002226f413f78]
Event: 540.703 Thread 0x0000022278ffd6b0 4570   !   1       java.io.ObjectInputStream$BlockDataInputStream::readBlockHeader (249 bytes)
Event: 540.704 Thread 0x0000022278ffd6b0 nmethod 4570 0x000002226f411f10 code [0x000002226f412240, 0x000002226f4130b8]
Event: 562.077 Thread 0x0000022278ffd6b0 4571   !   1       org.apache.catalina.core.ContainerBase::findChildren (42 bytes)
Event: 562.077 Thread 0x0000022278ffd6b0 nmethod 4571 0x000002226f411810 code [0x000002226f4119e0, 0x000002226f411d18]
Event: 594.574 Thread 0x0000022278ffd6b0 4572       1       org.apache.juli.logging.DirectJDKLog::isDebugEnabled (11 bytes)
Event: 594.574 Thread 0x0000022278ffd6b0 nmethod 4572 0x000002226f411410 code [0x000002226f4115a0, 0x000002226f4116b8]

GC Heap History (20 events):
Event: 1.600 GC heap before
{Heap before GC invocations=6 (full 0):
 garbage-first heap   total 45056K, used 30381K [0x0000000083000000, 0x0000000100000000)
  region size 1024K, 24 young (24576K), 6 survivors (6144K)
 Metaspace       used 24731K, committed 25024K, reserved 1073152K
  class space    used 3234K, committed 3392K, reserved 1048576K
}
Event: 1.607 GC heap after
{Heap after GC invocations=7 (full 0):
 garbage-first heap   total 45056K, used 14024K [0x0000000083000000, 0x0000000100000000)
  region size 1024K, 3 young (3072K), 3 survivors (3072K)
 Metaspace       used 24731K, committed 25024K, reserved 1073152K
  class space    used 3234K, committed 3392K, reserved 1048576K
}
Event: 1.722 GC heap before
{Heap before GC invocations=7 (full 0):
 garbage-first heap   total 45056K, used 32456K [0x0000000083000000, 0x0000000100000000)
  region size 1024K, 21 young (21504K), 3 survivors (3072K)
 Metaspace       used 26102K, committed 26496K, reserved 1073152K
  class space    used 3417K, committed 3584K, reserved 1048576K
}
Event: 1.725 GC heap after
{Heap after GC invocations=8 (full 0):
 garbage-first heap   total 62464K, used 14783K [0x0000000083000000, 0x0000000100000000)
  region size 1024K, 2 young (2048K), 2 survivors (2048K)
 Metaspace       used 26102K, committed 26496K, reserved 1073152K
  class space    used 3417K, committed 3584K, reserved 1048576K
}
Event: 1.913 GC heap before
{Heap before GC invocations=8 (full 0):
 garbage-first heap   total 62464K, used 46527K [0x0000000083000000, 0x0000000100000000)
  region size 1024K, 33 young (33792K), 2 survivors (2048K)
 Metaspace       used 28752K, committed 29120K, reserved 1081344K
  class space    used 3784K, committed 3968K, reserved 1048576K
}
Event: 1.915 GC heap after
{Heap after GC invocations=9 (full 0):
 garbage-first heap   total 62464K, used 16016K [0x0000000083000000, 0x0000000100000000)
  region size 1024K, 3 young (3072K), 3 survivors (3072K)
 Metaspace       used 28752K, committed 29120K, reserved 1081344K
  class space    used 3784K, committed 3968K, reserved 1048576K
}
Event: 9.517 GC heap before
{Heap before GC invocations=9 (full 0):
 garbage-first heap   total 62464K, used 46736K [0x0000000083000000, 0x0000000100000000)
  region size 1024K, 34 young (34816K), 3 survivors (3072K)
 Metaspace       used 31842K, committed 32192K, reserved 1081344K
  class space    used 4199K, committed 4352K, reserved 1048576K
}
Event: 9.523 GC heap after
{Heap after GC invocations=10 (full 0):
 garbage-first heap   total 62464K, used 17344K [0x0000000083000000, 0x0000000100000000)
  region size 1024K, 4 young (4096K), 4 survivors (4096K)
 Metaspace       used 31842K, committed 32192K, reserved 1081344K
  class space    used 4199K, committed 4352K, reserved 1048576K
}
Event: 25.843 GC heap before
{Heap before GC invocations=10 (full 0):
 garbage-first heap   total 62464K, used 47040K [0x0000000083000000, 0x0000000100000000)
  region size 1024K, 34 young (34816K), 4 survivors (4096K)
 Metaspace       used 34828K, committed 35200K, reserved 1081344K
  class space    used 4582K, committed 4736K, reserved 1048576K
}
Event: 25.846 GC heap after
{Heap after GC invocations=11 (full 0):
 garbage-first heap   total 62464K, used 17841K [0x0000000083000000, 0x0000000100000000)
  region size 1024K, 2 young (2048K), 2 survivors (2048K)
 Metaspace       used 34828K, committed 35200K, reserved 1081344K
  class space    used 4582K, committed 4736K, reserved 1048576K
}
Event: 26.112 GC heap before
{Heap before GC invocations=11 (full 0):
 garbage-first heap   total 62464K, used 21937K [0x0000000083000000, 0x0000000100000000)
  region size 1024K, 7 young (7168K), 2 survivors (2048K)
 Metaspace       used 35623K, committed 35968K, reserved 1081344K
  class space    used 4667K, committed 4864K, reserved 1048576K
}
Event: 26.114 GC heap after
{Heap after GC invocations=12 (full 0):
 garbage-first heap   total 62464K, used 17841K [0x0000000083000000, 0x0000000100000000)
  region size 1024K, 2 young (2048K), 2 survivors (2048K)
 Metaspace       used 35623K, committed 35968K, reserved 1081344K
  class space    used 4667K, committed 4864K, reserved 1048576K
}
Event: 27.389 GC heap before
{Heap before GC invocations=13 (full 0):
 garbage-first heap   total 62464K, used 49585K [0x0000000083000000, 0x0000000100000000)
  region size 1024K, 34 young (34816K), 2 survivors (2048K)
 Metaspace       used 39713K, committed 40128K, reserved 1089536K
  class space    used 5189K, committed 5376K, reserved 1048576K
}
Event: 27.391 GC heap after
{Heap after GC invocations=14 (full 0):
 garbage-first heap   total 62464K, used 19607K [0x0000000083000000, 0x0000000100000000)
  region size 1024K, 4 young (4096K), 4 survivors (4096K)
 Metaspace       used 39713K, committed 40128K, reserved 1089536K
  class space    used 5189K, committed 5376K, reserved 1048576K
}
Event: 31.868 GC heap before
{Heap before GC invocations=14 (full 0):
 garbage-first heap   total 62464K, used 49303K [0x0000000083000000, 0x0000000100000000)
  region size 1024K, 33 young (33792K), 4 survivors (4096K)
 Metaspace       used 42790K, committed 43200K, reserved 1089536K
  class space    used 5560K, committed 5760K, reserved 1048576K
}
Event: 31.871 GC heap after
{Heap after GC invocations=15 (full 0):
 garbage-first heap   total 62464K, used 19923K [0x0000000083000000, 0x0000000100000000)
  region size 1024K, 3 young (3072K), 3 survivors (3072K)
 Metaspace       used 42790K, committed 43200K, reserved 1089536K
  class space    used 5560K, committed 5760K, reserved 1048576K
}
Event: 32.373 GC heap before
{Heap before GC invocations=15 (full 0):
 garbage-first heap   total 62464K, used 49619K [0x0000000083000000, 0x0000000100000000)
  region size 1024K, 33 young (33792K), 3 survivors (3072K)
 Metaspace       used 45737K, committed 46080K, reserved 1089536K
  class space    used 5927K, committed 6080K, reserved 1048576K
}
Event: 32.376 GC heap after
{Heap after GC invocations=16 (full 0):
 garbage-first heap   total 62464K, used 21110K [0x0000000083000000, 0x0000000100000000)
  region size 1024K, 4 young (4096K), 4 survivors (4096K)
 Metaspace       used 45737K, committed 46080K, reserved 1089536K
  class space    used 5927K, committed 6080K, reserved 1048576K
}
Event: 33.012 GC heap before
{Heap before GC invocations=16 (full 0):
 garbage-first heap   total 62464K, used 48758K [0x0000000083000000, 0x0000000100000000)
  region size 1024K, 32 young (32768K), 4 survivors (4096K)
 Metaspace       used 49696K, committed 50048K, reserved 1097728K
  class space    used 6420K, committed 6592K, reserved 1048576K
}
Event: 33.016 GC heap after
{Heap after GC invocations=17 (full 0):
 garbage-first heap   total 62464K, used 22120K [0x0000000083000000, 0x0000000100000000)
  region size 1024K, 3 young (3072K), 3 survivors (3072K)
 Metaspace       used 49696K, committed 50048K, reserved 1097728K
  class space    used 6420K, committed 6592K, reserved 1048576K
}

Deoptimization events (20 events):
Event: 195.297 Thread 0x000002227ba9f230 DEOPT PACKING pc=0x000002226f17bf84 sp=0x000000e314bfd600
Event: 195.297 Thread 0x000002227ba9f230 DEOPT UNPACKING pc=0x000002226eae2b43 sp=0x000000e314bfcaf0 mode 0
Event: 195.309 Thread 0x000002227ba9f230 DEOPT PACKING pc=0x000002226ef6ccdc sp=0x000000e314bfc230
Event: 195.309 Thread 0x000002227ba9f230 DEOPT UNPACKING pc=0x000002226eae2b43 sp=0x000000e314bfb6c8 mode 1
Event: 195.309 Thread 0x000002227ba9f230 DEOPT PACKING pc=0x000002226ef5dcfc sp=0x000000e314bfc300
Event: 195.309 Thread 0x000002227ba9f230 DEOPT UNPACKING pc=0x000002226eae2b43 sp=0x000000e314bfb7b8 mode 1
Event: 195.310 Thread 0x000002227ba9f230 DEOPT PACKING pc=0x000002226ef6ccdc sp=0x000000e314bfc2f0
Event: 195.310 Thread 0x000002227ba9f230 DEOPT UNPACKING pc=0x000002226eae2b43 sp=0x000000e314bfb788 mode 1
Event: 195.310 Thread 0x000002227ba9f230 DEOPT PACKING pc=0x000002226ef5dcfc sp=0x000000e314bfc3c0
Event: 195.310 Thread 0x000002227ba9f230 DEOPT UNPACKING pc=0x000002226eae2b43 sp=0x000000e314bfb878 mode 1
Event: 195.310 Thread 0x000002227ba9f230 DEOPT PACKING pc=0x000002226ef6ccdc sp=0x000000e314bfc3c0
Event: 195.310 Thread 0x000002227ba9f230 DEOPT UNPACKING pc=0x000002226eae2b43 sp=0x000000e314bfb858 mode 1
Event: 195.310 Thread 0x000002227ba9f230 DEOPT PACKING pc=0x000002226ef5dcfc sp=0x000000e314bfc490
Event: 195.310 Thread 0x000002227ba9f230 DEOPT UNPACKING pc=0x000002226eae2b43 sp=0x000000e314bfb948 mode 1
Event: 534.056 Thread 0x000002227ba9e3c0 DEOPT PACKING pc=0x000002226f1afbfc sp=0x000000e314efdb00
Event: 534.056 Thread 0x000002227ba9e3c0 DEOPT UNPACKING pc=0x000002226eae2b43 sp=0x000000e314efd028 mode 0
Event: 534.056 Thread 0x000002227ba9e3c0 DEOPT PACKING pc=0x000002226f17857c sp=0x000000e314efdbe0
Event: 534.056 Thread 0x000002227ba9e3c0 DEOPT UNPACKING pc=0x000002226eae2b43 sp=0x000000e314efd080 mode 0
Event: 534.056 Thread 0x000002227ba9e3c0 DEOPT PACKING pc=0x000002226f17bf84 sp=0x000000e314efdc30
Event: 534.056 Thread 0x000002227ba9e3c0 DEOPT UNPACKING pc=0x000002226eae2b43 sp=0x000000e314efd120 mode 0

Classes unloaded (0 events):
No events

Classes redefined (4 events):
Event: 263.743 Thread 0x0000022278fd2dd0 redefined class name=com.tesis.u.serviceImpl.LoginServiceImpl, count=1
Event: 273.332 Thread 0x0000022278fd2dd0 redefined class name=com.tesis.u.serviceImpl.LoginServiceImpl, count=2
Event: 600.681 Thread 0x0000022278fd2dd0 redefined class name=com.tesis.u.serviceImpl.LoginServiceImpl, count=3
Event: 600.681 Thread 0x0000022278fd2dd0 redefined class name=com.tesis.u.serviceImpl.RolServiceImpl, count=1

Internal exceptions (20 events):
Event: 1.792 Thread 0x0000022267291e00 Exception <a 'java/lang/ClassNotFoundException'{0x00000000861b4238}: org/springframework/beans/factory/AwareCustomizer> (0x00000000861b4238) 
thrown [t:\workspace\open\src\hotspot\share\classfile\systemDictionary.cpp, line 256]
Event: 1.792 Thread 0x0000022267291e00 Exception <a 'java/lang/ClassNotFoundException'{0x00000000861b8920}: org/springframework/context/ApplicationContextAwareCustomizer> (0x00000000861b8920) 
thrown [t:\workspace\open\src\hotspot\share\classfile\systemDictionary.cpp, line 256]
Event: 1.793 Thread 0x0000022267291e00 Exception <a 'java/lang/ClassNotFoundException'{0x00000000861be878}: org/springframework/beans/factory/AwareCustomizer> (0x00000000861be878) 
thrown [t:\workspace\open\src\hotspot\share\classfile\systemDictionary.cpp, line 256]
Event: 1.793 Thread 0x0000022267291e00 Exception <a 'java/lang/ClassNotFoundException'{0x00000000861c2f38}: org/springframework/web/context/ServletContextAwareCustomizer> (0x00000000861c2f38) 
thrown [t:\workspace\open\src\hotspot\share\classfile\systemDictionary.cpp, line 256]
Event: 1.793 Thread 0x0000022267291e00 Exception <a 'java/lang/ClassNotFoundException'{0x00000000861c87c8}: org/springframework/beans/factory/AwareCustomizer> (0x00000000861c87c8) 
thrown [t:\workspace\open\src\hotspot\share\classfile\systemDictionary.cpp, line 256]
Event: 1.848 Thread 0x0000022267291e00 Exception <a 'java/lang/NoSuchMethodError'{0x000000008596aba8}: 'void java.lang.invoke.DirectMethodHandle$Holder.invokeVirtual(java.lang.Object, java.lang.Object, int)'> (0x000000008596aba8) 
thrown [t:\workspace\open\src\hotspot\share\interpreter\linkResolver.cpp, line 766]
Event: 1.850 Thread 0x0000022267291e00 Exception <a 'java/lang/NoSuchMethodError'{0x0000000085985a70}: 'void java.lang.invoke.DirectMethodHandle$Holder.invokeVirtual(java.lang.Object, java.lang.Object, long)'> (0x0000000085985a70) 
thrown [t:\workspace\open\src\hotspot\share\interpreter\linkResolver.cpp, line 766]
Event: 1.920 Thread 0x0000022267291e00 Exception <a 'java/lang/IncompatibleClassChangeError'{0x000000008ad62ca0}: Found class java.lang.Object, but interface was expected> (0x000000008ad62ca0) 
thrown [t:\workspace\open\src\hotspot\share\interpreter\linkResolver.cpp, line 833]
Event: 1.936 Thread 0x0000022267291e00 Exception <a 'java/lang/NoSuchMethodError'{0x0000000086901b68}: 'int java.lang.invoke.DirectMethodHandle$Holder.invokeStaticInit(java.lang.Object, java.lang.Object, java.lang.Object, java.lang.Object)'> (0x0000000086901b68) 
thrown [t:\workspace\open\src\hotspot\share\interpreter\linkResolver.cpp, line 766]
Event: 2.000 Thread 0x0000022267291e00 Exception <a 'java/lang/NoSuchMethodError'{0x0000000085f1d958}: 'java.lang.Object java.lang.invoke.DirectMethodHandle$Holder.newInvokeSpecial(java.lang.Object, java.lang.Object, int, java.lang.Object, java.lang.Object)'> (0x0000000085f1d958) 
thrown [t:\workspace\open\src\hotspot\share\interpreter\linkResolver.cpp, line 766]
Event: 2.001 Thread 0x0000022267291e00 Exception <a 'java/lang/NoSuchMethodError'{0x0000000085f291a8}: 'java.lang.Object java.lang.invoke.DirectMethodHandle$Holder.invokeSpecial(java.lang.Object, java.lang.Object, int, java.lang.Object, int, java.lang.Object)'> (0x0000000085f291a8) 
thrown [t:\workspace\open\src\hotspot\share\interpreter\linkResolver.cpp, line 766]
Event: 2.001 Thread 0x0000022267291e00 Exception <a 'java/lang/NoSuchMethodError'{0x0000000085f30fa8}: 'java.lang.Object java.lang.invoke.DirectMethodHandle$Holder.newInvokeSpecial(java.lang.Object, java.lang.Object, int, java.lang.Object, int)'> (0x0000000085f30fa8) 
thrown [t:\workspace\open\src\hotspot\share\interpreter\linkResolver.cpp, line 766]
Event: 2.001 Thread 0x0000022267291e00 Exception <a 'java/lang/NoSuchMethodError'{0x0000000085f350a8}: 'java.lang.Object java.lang.invoke.DirectMethodHandle$Holder.invokeSpecial(java.lang.Object, java.lang.Object, java.lang.Object, int, java.lang.Object, int)'> (0x0000000085f350a8) 
thrown [t:\workspace\open\src\hotspot\share\interpreter\linkResolver.cpp, line 766]
Event: 2.002 Thread 0x0000022267291e00 Exception <a 'java/lang/NoSuchMethodError'{0x0000000085f44650}: 'void java.lang.invoke.DirectMethodHandle$Holder.invokeVirtual(java.lang.Object, java.lang.Object)'> (0x0000000085f44650) 
thrown [t:\workspace\open\src\hotspot\share\interpreter\linkResolver.cpp, line 766]
Event: 24.812 Thread 0x000002227ba9f230 Exception <a 'java/lang/UnsatisfiedLinkError'{0x0000000085277670}: 'int io.grpc.netty.shaded.io.netty.channel.epoll.Native.offsetofEpollData()'> (0x0000000085277670) 
thrown [t:\workspace\open\src\hotspot\share\prims\nativeLookup.cpp, line 543]
Event: 24.817 Thread 0x000002227ba9f230 Exception <a 'java/lang/ExceptionInInitializerError'{0x0000000085279778}> (0x0000000085279778) 
thrown [t:\workspace\open\src\hotspot\share\oops\instanceKlass.cpp, line 1168]
Event: 25.985 Thread 0x000002227ba9f230 Exception <a 'java/lang/reflect/InvocationTargetException'{0x00000000869090f8}> (0x00000000869090f8) 
thrown [t:\workspace\open\src\hotspot\share\runtime\reflection.cpp, line 1121]
Event: 26.098 Thread 0x000002227ba9f230 Exception <a 'sun/nio/fs/WindowsException'{0x00000000869ff800}> (0x00000000869ff800) 
thrown [t:\workspace\open\src\hotspot\share\prims\jni.cpp, line 516]
Event: 31.671 Thread 0x000002227ba9f700 Exception <a 'sun/nio/fs/WindowsException'{0x000000008511ecf0}> (0x000000008511ecf0) 
thrown [t:\workspace\open\src\hotspot\share\prims\jni.cpp, line 516]
Event: 32.739 Thread 0x000002227baa0f10 Exception <a 'java/lang/NullPointerException'{0x00000000864f1a88}> (0x00000000864f1a88) 
thrown [t:\workspace\open\src\hotspot\share\interpreter\linkResolver.cpp, line 1440]

VM Operations (20 events):
Event: 530.491 Executing VM operation: get/set locals
Event: 530.491 Executing VM operation: get/set locals done
Event: 530.491 Executing VM operation: get/set locals
Event: 530.491 Executing VM operation: get/set locals done
Event: 530.491 Executing VM operation: get/set locals
Event: 530.491 Executing VM operation: get/set locals done
Event: 530.492 Executing VM operation: get/set locals
Event: 530.492 Executing VM operation: get/set locals done
Event: 534.072 Executing VM operation: GetObjectMonitorUsage
Event: 534.072 Executing VM operation: GetObjectMonitorUsage done
Event: 534.072 Executing VM operation: GetObjectMonitorUsage
Event: 534.072 Executing VM operation: GetObjectMonitorUsage done
Event: 534.075 Executing VM operation: GetObjectMonitorUsage
Event: 534.075 Executing VM operation: GetObjectMonitorUsage done
Event: 534.075 Executing VM operation: GetObjectMonitorUsage
Event: 534.075 Executing VM operation: GetObjectMonitorUsage done
Event: 600.677 Executing VM operation: RedefineClasses
Event: 600.690 Executing VM operation: RedefineClasses done
Event: 600.702 Executing VM operation: ChangeBreakpoints
Event: 600.703 Executing VM operation: ChangeBreakpoints done

Events (20 events):
Event: 37.741 Thread 0x0000022279c90ec0 Thread exited: 0x0000022279c90ec0
Event: 37.767 Thread 0x000002227bbfa220 Thread exited: 0x000002227bbfa220
Event: 39.071 Thread 0x000002227f0cc920 Thread exited: 0x000002227f0cc920
Event: 90.559 Thread 0x000002227ba9bd40 Thread exited: 0x000002227ba9bd40
Event: 90.559 Thread 0x000002227ba9cbb0 Thread exited: 0x000002227ba9cbb0
Event: 90.559 Thread 0x000002227ba9c210 Thread exited: 0x000002227ba9c210
Event: 90.560 Thread 0x000002227ab26fc0 Thread exited: 0x000002227ab26fc0
Event: 90.574 Thread 0x000002227aced710 Thread exited: 0x000002227aced710
Event: 90.574 Thread 0x000002227ba9c6e0 Thread exited: 0x000002227ba9c6e0
Event: 90.574 Thread 0x000002227baa0a40 Thread exited: 0x000002227baa0a40
Event: 92.151 Thread 0x000002227ba9f700 Thread exited: 0x000002227ba9f700
Event: 110.800 Thread 0x000002227bbfabc0 Thread added: 0x000002227bbfabc0
Event: 195.315 loading class java/util/stream/LongStream
Event: 195.315 loading class java/util/stream/LongStream done
Event: 195.316 loading class java/util/stream/DoubleStream
Event: 195.316 loading class java/util/stream/DoubleStream done
Event: 195.323 loading class java/nio/StringCharBuffer
Event: 195.323 loading class java/nio/StringCharBuffer done
Event: 322.284 Thread 0x000002227bbf9d50 Thread added: 0x000002227bbf9d50
Event: 523.673 Thread 0x000002227bbfef20 Thread added: 0x000002227bbfef20


Dynamic libraries:
0x00007ff6bacc0000 - 0x00007ff6bacd0000 	C:\Program Files\Java\jdk-17.0.1\bin\javaw.exe
0x00007ffdf74b0000 - 0x00007ffdf76a5000 	C:\windows\SYSTEM32\ntdll.dll
0x00007ffdf65a0000 - 0x00007ffdf665d000 	C:\windows\System32\KERNEL32.DLL
0x00007ffdf4ef0000 - 0x00007ffdf51bd000 	C:\windows\System32\KERNELBASE.dll
0x00007ffdf4c70000 - 0x00007ffdf4d70000 	C:\windows\System32\ucrtbase.dll
0x00007ffdd8b90000 - 0x00007ffdd8baa000 	C:\Program Files\Java\jdk-17.0.1\bin\VCRUNTIME140.dll
0x00007ffddee90000 - 0x00007ffddeea8000 	C:\Program Files\Java\jdk-17.0.1\bin\jli.dll
0x00007ffdf6490000 - 0x00007ffdf653e000 	C:\windows\System32\ADVAPI32.dll
0x00007ffdf7340000 - 0x00007ffdf73de000 	C:\windows\System32\msvcrt.dll
0x00007ffdf6f90000 - 0x00007ffdf702c000 	C:\windows\System32\sechost.dll
0x00007ffdf7050000 - 0x00007ffdf7175000 	C:\windows\System32\RPCRT4.dll
0x00007ffdf67f0000 - 0x00007ffdf6990000 	C:\windows\System32\USER32.dll
0x00007ffdf4b90000 - 0x00007ffdf4bb2000 	C:\windows\System32\win32u.dll
0x00007ffdd5cf0000 - 0x00007ffdd5f8a000 	C:\windows\WinSxS\amd64_microsoft.windows.common-controls_6595b64144ccf1df_6.0.19041.1110_none_60b5254171f9507e\COMCTL32.dll
0x00007ffdf6a40000 - 0x00007ffdf6a6a000 	C:\windows\System32\GDI32.dll
0x00007ffdf4de0000 - 0x00007ffdf4eeb000 	C:\windows\System32\gdi32full.dll
0x00007ffdf51c0000 - 0x00007ffdf525d000 	C:\windows\System32\msvcp_win.dll
0x00007ffded500000 - 0x00007ffded50a000 	C:\windows\SYSTEM32\VERSION.dll
0x00007ffdf6f60000 - 0x00007ffdf6f90000 	C:\windows\System32\IMM32.DLL
0x00007ffdee120000 - 0x00007ffdee12c000 	C:\Program Files\Java\jdk-17.0.1\bin\vcruntime140_1.dll
0x00007ffdb7670000 - 0x00007ffdb76fd000 	C:\Program Files\Java\jdk-17.0.1\bin\msvcp140.dll
0x00007ffd97370000 - 0x00007ffd97f2e000 	C:\Program Files\Java\jdk-17.0.1\bin\server\jvm.dll
0x00007ffdf7180000 - 0x00007ffdf7188000 	C:\windows\System32\PSAPI.DLL
0x00007ffddab60000 - 0x00007ffddab87000 	C:\windows\SYSTEM32\WINMM.dll
0x00007ffdd5b70000 - 0x00007ffdd5b79000 	C:\windows\SYSTEM32\WSOCK32.dll
0x00007ffdf6770000 - 0x00007ffdf67db000 	C:\windows\System32\WS2_32.dll
0x00007ffdf3420000 - 0x00007ffdf3432000 	C:\windows\SYSTEM32\kernel.appcore.dll
0x00007ffdeda50000 - 0x00007ffdeda5a000 	C:\Program Files\Java\jdk-17.0.1\bin\jimage.dll
0x00007ffdf2990000 - 0x00007ffdf2b74000 	C:\windows\SYSTEM32\DBGHELP.DLL
0x00007ffdd56a0000 - 0x00007ffdd56cc000 	C:\windows\SYSTEM32\dbgcore.DLL
0x00007ffdf5410000 - 0x00007ffdf5492000 	C:\windows\System32\bcryptPrimitives.dll
0x00007ffdddb70000 - 0x00007ffdddbab000 	C:\Program Files\Java\jdk-17.0.1\bin\jdwp.dll
0x00007ffdedc10000 - 0x00007ffdedc1e000 	C:\Program Files\Java\jdk-17.0.1\bin\instrument.dll
0x00007ffdd8490000 - 0x00007ffdd84b5000 	C:\Program Files\Java\jdk-17.0.1\bin\java.dll
0x00007ffdb7590000 - 0x00007ffdb7666000 	C:\Program Files\Java\jdk-17.0.1\bin\svml.dll
0x00007ffdf5600000 - 0x00007ffdf5d44000 	C:\windows\System32\SHELL32.dll
0x00007ffdf2c70000 - 0x00007ffdf3404000 	C:\windows\SYSTEM32\windows.storage.dll
0x00007ffdf6ae0000 - 0x00007ffdf6e34000 	C:\windows\System32\combase.dll
0x00007ffdf45f0000 - 0x00007ffdf461c000 	C:\windows\SYSTEM32\Wldp.dll
0x00007ffdf63e0000 - 0x00007ffdf648d000 	C:\windows\System32\SHCORE.dll
0x00007ffdf6a70000 - 0x00007ffdf6ac5000 	C:\windows\System32\shlwapi.dll
0x00007ffdf4ad0000 - 0x00007ffdf4aef000 	C:\windows\SYSTEM32\profapi.dll
0x00007ffdedb00000 - 0x00007ffdedb0c000 	C:\Program Files\Java\jdk-17.0.1\bin\dt_socket.dll
0x00007ffdf3ff0000 - 0x00007ffdf402b000 	C:\windows\SYSTEM32\IPHLPAPI.DLL
0x00007ffdf4350000 - 0x00007ffdf43ba000 	C:\windows\system32\mswsock.dll
0x00007ffdf4030000 - 0x00007ffdf40fb000 	C:\windows\SYSTEM32\DNSAPI.dll
0x00007ffdf67e0000 - 0x00007ffdf67e8000 	C:\windows\System32\NSI.dll
0x00007ffde0cb0000 - 0x00007ffde0cba000 	C:\Windows\System32\rasadhlp.dll
0x00007ffde0320000 - 0x00007ffde03a0000 	C:\windows\System32\fwpuclnt.dll
0x00007ffdf54a0000 - 0x00007ffdf54c7000 	C:\windows\System32\bcrypt.dll
0x00007ffdd1fb0000 - 0x00007ffdd1fc8000 	C:\Program Files\Java\jdk-17.0.1\bin\zip.dll
0x00007ffdd8400000 - 0x00007ffdd8419000 	C:\Program Files\Java\jdk-17.0.1\bin\net.dll
0x00007ffde1b70000 - 0x00007ffde1c7a000 	C:\windows\SYSTEM32\WINHTTP.dll
0x00007ffdd83b0000 - 0x00007ffdd83c5000 	C:\Program Files\Java\jdk-17.0.1\bin\nio.dll
0x00007ffdee620000 - 0x00007ffdee629000 	C:\Program Files\Java\jdk-17.0.1\bin\management.dll
0x00007ffded070000 - 0x00007ffded07b000 	C:\Program Files\Java\jdk-17.0.1\bin\management_ext.dll
0x00007ffdd5680000 - 0x00007ffdd5697000 	C:\windows\system32\napinsp.dll
0x00007ffdd5660000 - 0x00007ffdd567b000 	C:\windows\system32\pnrpnsp.dll
0x00007ffdd5640000 - 0x00007ffdd5655000 	C:\windows\system32\wshbth.dll
0x00007ffdf0230000 - 0x00007ffdf024d000 	C:\windows\system32\NLAapi.dll
0x00007ffdd5620000 - 0x00007ffdd5632000 	C:\windows\System32\winrnr.dll
0x00007ffdf4540000 - 0x00007ffdf4558000 	C:\windows\SYSTEM32\CRYPTSP.dll
0x00007ffdf3c60000 - 0x00007ffdf3c94000 	C:\windows\system32\rsaenh.dll
0x00007ffdf4a50000 - 0x00007ffdf4a7e000 	C:\windows\SYSTEM32\USERENV.dll
0x00007ffdf4560000 - 0x00007ffdf456c000 	C:\windows\SYSTEM32\CRYPTBASE.dll
0x00007ffdecb70000 - 0x00007ffdecb87000 	C:\windows\SYSTEM32\dhcpcsvc6.DLL
0x00007ffdecb50000 - 0x00007ffdecb6d000 	C:\windows\SYSTEM32\dhcpcsvc.DLL
0x00007ffded170000 - 0x00007ffded180000 	C:\Program Files\Java\jdk-17.0.1\bin\verify.dll
0x00007ffddf6d0000 - 0x00007ffddf6de000 	C:\Program Files\Java\jdk-17.0.1\bin\sunmscapi.dll
0x00007ffdf5260000 - 0x00007ffdf53b6000 	C:\windows\System32\CRYPT32.dll
0x00007ffdf4660000 - 0x00007ffdf4687000 	C:\windows\SYSTEM32\ncrypt.dll
0x00007ffdf4620000 - 0x00007ffdf465b000 	C:\windows\SYSTEM32\NTASN1.dll
0x00007ffddf500000 - 0x00007ffddf507000 	C:\windows\system32\wshunix.dll
0x00007ffd90490000 - 0x00007ffd906e9000 	C:\Users\jimmi\AppData\Local\Temp\io_grpc_netty_shaded_netty_tcnative_windows_x86_646943113857765201720.dll

dbghelp: loaded successfully - version: 4.0.5 - missing functions: none
symbol engine: initialized successfully - sym options: 0x614 - pdb path: .;C:\Program Files\Java\jdk-17.0.1\bin;C:\windows\SYSTEM32;C:\windows\WinSxS\amd64_microsoft.windows.common-controls_6595b64144ccf1df_6.0.19041.1110_none_60b5254171f9507e;C:\Program Files\Java\jdk-17.0.1\bin\server;C:\Users\jimmi\AppData\Local\Temp

VM Arguments:
jvm_args: -XX:+ShowCodeDetailsInExceptionMessages -agentlib:jdwp=transport=dt_socket,suspend=y,address=localhost:50963 -Dcom.sun.management.jmxremote -Dcom.sun.management.jmxremote.port=50962 -Dcom.sun.management.jmxremote.authenticate=false -Dcom.sun.management.jmxremote.ssl=false -Djava.rmi.server.hostname=localhost -Dspring.jmx.enabled=true -Dspring.application.admin.enabled=true -XX:TieredStopAtLevel=1 -Dspring.boot.project.name=BackendTesis -javaagent:C:\Users\jimmi\eclipse\java-2021-09\eclipse\configuration\org.eclipse.osgi\222\0\.cp\lib\javaagent-shaded.jar -Dfile.encoding=UTF-8 
java_command: com.tesis.u.BackendTesisApplication
java_class_path (initial): C:\PROYECTO DE GRADO 2022\BackendTesis\target\classes;C:\Users\jimmi\.m2\repository\org\springframework\boot\spring-boot-starter-web\2.6.7\spring-boot-starter-web-2.6.7.jar;C:\Users\jimmi\.m2\repository\org\springframework\boot\spring-boot-starter\2.6.7\spring-boot-starter-2.6.7.jar;C:\Users\jimmi\.m2\repository\org\springframework\boot\spring-boot-starter-logging\2.6.7\spring-boot-starter-logging-2.6.7.jar;C:\Users\jimmi\.m2\repository\ch\qos\logback\logback-classic\1.2.11\logback-classic-1.2.11.jar;C:\Users\jimmi\.m2\repository\ch\qos\logback\logback-core\1.2.11\logback-core-1.2.11.jar;C:\Users\jimmi\.m2\repository\org\apache\logging\log4j\log4j-to-slf4j\2.17.2\log4j-to-slf4j-2.17.2.jar;C:\Users\jimmi\.m2\repository\org\apache\logging\log4j\log4j-api\2.17.2\log4j-api-2.17.2.jar;C:\Users\jimmi\.m2\repository\org\slf4j\jul-to-slf4j\1.7.36\jul-to-slf4j-1.7.36.jar;C:\Users\jimmi\.m2\repository\jakarta\annotation\jakarta.annotation-api\1.3.5\jakarta.annotation-api-1.3.5.jar;C:\Users\jimmi\.m2\repository\org\yaml\snakeyaml\1.29\snakeyaml-1.29.jar;C:\Users\jimmi\.m2\repository\org\springframework\boot\spring-boot-starter-json\2.6.7\spring-boot-starter-json-2.6.7.jar;C:\Users\jimmi\.m2\repository\com\fasterxml\jackson\core\jackson-databind\2.13.2.1\jackson-databind-2.13.2.1.jar;C:\Users\jimmi\.m2\repository\com\fasterxml\jackson\core\jackson-annotations\2.13.2\jackson-annotations-2.13.2.jar;C:\Users\jimmi\.m2\repository\com\fasterxml\jackson\datatype\jackson-datatype-jdk8\2.13.2\jackson-datatype-jdk8-2.13.2.jar;C:\Users\jimmi\.m2\repository\com\fasterxml\jackson\datatype\jackson-datatype-jsr310\2.13.2\jackson-datatype-jsr310-2.13.2.jar;C:\Users\jimmi\.m2\repository\com\fasterxml\jackson\module\jackson-module-parameter-names\2.13.2\jackson-module-parameter-names-2.13.2.jar;C:\Users\jimmi\.m2\repository\org\springframework\boot\spring-boot-starter-tomcat\2.6.7\spring-boot-starter-tomcat-2.6.7.jar;C:\Users\jimmi\.m2\repository\org\apache\tomcat\e
Launcher Type: SUN_STANDARD

[Global flags]
     intx CICompilerCount                          = 4                                         {product} {ergonomic}
     uint ConcGCThreads                            = 2                                         {product} {ergonomic}
     uint G1ConcRefinementThreads                  = 8                                         {product} {ergonomic}
   size_t G1HeapRegionSize                         = 1048576                                   {product} {ergonomic}
    uintx GCDrainStackTargetSize                   = 64                                        {product} {ergonomic}
   size_t InitialHeapSize                          = 132120576                                 {product} {ergonomic}
     bool ManagementServer                         = true                                      {product} {command line}
   size_t MarkStackSize                            = 4194304                                   {product} {ergonomic}
   size_t MaxHeapSize                              = 2097152000                                {product} {ergonomic}
   size_t MaxNewSize                               = 1258291200                                {product} {ergonomic}
   size_t MinHeapDeltaBytes                        = 1048576                                   {product} {ergonomic}
   size_t MinHeapSize                              = 8388608                                   {product} {ergonomic}
    uintx NonProfiledCodeHeapSize                  = 0                                      {pd product} {ergonomic}
     bool ProfileInterpreter                       = false                                  {pd product} {command line}
    uintx ProfiledCodeHeapSize                     = 0                                      {pd product} {ergonomic}
     bool ShowCodeDetailsInExceptionMessages       = true                                   {manageable} {command line}
   size_t SoftMaxHeapSize                          = 2097152000                             {manageable} {ergonomic}
     intx TieredStopAtLevel                        = 1                                         {product} {command line}
     bool UseCompressedClassPointers               = true                           {product lp64_product} {ergonomic}
     bool UseCompressedOops                        = true                           {product lp64_product} {ergonomic}
     bool UseG1GC                                  = true                                      {product} {ergonomic}
     bool UseLargePagesIndividualAllocation        = false                                  {pd product} {ergonomic}

Logging:
Log output configuration:
 #0: stdout all=warning uptime,level,tags
 #1: stderr all=off uptime,level,tags

Environment Variables:
PATH=C:\Program Files\Common Files\Oracle\Java\javapath;C:\Program Files (x86)\Common Files\Oracle\Java\javapath;C:\windows\system32;C:\windows;C:\windows\System32\Wbem;C:\windows\System32\WindowsPowerShell\v1.0\;C:\windows\System32\OpenSSH\;C:\Program Files (x86)\NVIDIA Corporation\PhysX\Common;C:\Program Files\NVIDIA Corporation\NVIDIA NvDLISR;C:\Program Files\dotnet\;C:\Program Files\Microsoft SQL Server\Client SDK\ODBC\170\Tools\Binn\;C:\Program Files\nodejs\;C:\Program Files (x86)\Microsoft SQL Server\150\Tools\Binn\;C:\Program Files\Microsoft SQL Server\150\Tools\Binn\;C:\Program Files\Microsoft SQL Server\150\DTS\Binn\;C:\Program Files (x86)\Microsoft SQL Server\150\DTS\Binn\;C:\Program Files\Azure Data Studio\bin;C:\Program Files\Microsoft SQL Server\130\Tools\Binn\;C:\Program Files\Git\cmd;C:\Program Files\MySQL\MySQL Shell 8.0\bin\;C:\Users\jimmi\miniconda3;C:\Users\jimmi\miniconda3\Library\mingw-w64\bin;C:\Users\jimmi\miniconda3\Library\usr\bin;C:\Users\jimmi\miniconda3\Library\bin;C:\Users\jimmi\miniconda3\Scripts;C:\Users\jimmi\AppData\Local\Microsoft\WindowsApps;C:\Users\jimmi\.dotnet\tools;C:\Users\jimmi\AppData\Local\Programs\Microsoft VS Code\bin;C:\Users\jimmi\AppData\Roaming\npm;C:\Program Files\Azure Data Studio\bin
USERNAME=jimmi
OS=Windows_NT
PROCESSOR_IDENTIFIER=Intel64 Family 6 Model 165 Stepping 2, GenuineIntel



---------------  S Y S T E M  ---------------

OS:
 Windows 10 , 64 bit Build 19041 (10.0.19041.1706)
OS uptime: 9 days 0:04 hours

CPU: total 8 (initial active 8) (4 cores per cpu, 2 threads per core) family 6 model 165 stepping 2 microcode 0xe0, cx8, cmov, fxsr, ht, mmx, 3dnowpref, sse, sse2, sse3, ssse3, sse4.1, sse4.2, popcnt, lzcnt, tsc, tscinvbit, avx, avx2, aes, erms, clmul, bmi1, bmi2, adx, fma, vzeroupper, clflush, clflushopt

Memory: 4k page, system-wide physical 7993M (1308M free)
TotalPageFile size 16610M (AvailPageFile size 2445M)
current process WorkingSet (physical memory assigned to process): 211M, peak: 211M
current process commit charge ("private bytes"): 251M, peak: 251M

vm_info: Java HotSpot(TM) 64-Bit Server VM (17.0.1+12-LTS-39) for windows-amd64 JRE (17.0.1+12-LTS-39), built on Sep 27 2021 18:41:35 by "mach5one" with MS VC++ 16.8 (VS2019)

END.
